Using pre-set license
Built from '2020.3/staging' branch; Version is '2020.3.4f1 (0abb6314276a) revision 703331'; Using compiler version '192528614'; Build Type 'Release'
OS: 'Windows 10 Pro; OS build 19042.985; Version 2009; 64bit' Language: 'it' Physical Memory: 32697 MB
BatchMode: 1, IsHumanControllingUs: 0, StartBugReporterOnCrash: 0, Is64bit: 1, IsPro: 0

 COMMAND LINE ARGUMENTS:
C:\Program Files\Unity\Hub\Editor\2020.3.4f1\Editor\Unity.exe
-adb2
-batchMode
-noUpm
-name
AssetImportWorker0
-projectPath
G:/RPGEsame/RPG
-logFile
Logs/AssetImportWorker0.log
-srvPort
51090
Successfully changed project path to: G:/RPGEsame/RPG
G:/RPGEsame/RPG
Using Asset Import Pipeline V2.
Refreshing native plugins compatible for Editor in 43.40 ms, found 1 plugins.
Preloading 0 native plugins for Editor in 0.00 ms.
Initialize engine version: 2020.3.4f1 (0abb6314276a)
[Subsystems] Discovering subsystems at path C:/Program Files/Unity/Hub/Editor/2020.3.4f1/Editor/Data/Resources/UnitySubsystems
[Subsystems] Discovering subsystems at path G:/RPGEsame/RPG/Assets
GfxDevice: creating device client; threaded=0
Direct3D:
    Version:  Direct3D 11.0 [level 11.1]
    Renderer: NVIDIA GeForce GTX 1060 6GB (ID=0x1c03)
    Vendor:   
    VRAM:     6052 MB
    Driver:   27.21.14.6172
Initialize mono
Mono path[0] = 'C:/Program Files/Unity/Hub/Editor/2020.3.4f1/Editor/Data/Managed'
Mono path[1] = 'C:/Program Files/Unity/Hub/Editor/2020.3.4f1/Editor/Data/MonoBleedingEdge/lib/mono/unityjit'
Mono config path = 'C:/Program Files/Unity/Hub/Editor/2020.3.4f1/Editor/Data/MonoBleedingEdge/etc'
Using monoOptions --debugger-agent=transport=dt_socket,embedding=1,server=y,suspend=n,address=127.0.0.1:56336
Begin MonoManager ReloadAssembly
Registering precompiled unity dll's ...
Register platform support module: C:/Program Files/Unity/Hub/Editor/2020.3.4f1/Editor/Data/PlaybackEngines/WindowsStandaloneSupport/UnityEditor.WindowsStandalone.Extensions.dll
Registered in 0.002279 seconds.
Native extension for WindowsStandalone target not found
Refreshing native plugins compatible for Editor in 45.16 ms, found 1 plugins.
Preloading 0 native plugins for Editor in 0.00 ms.
Mono: successfully reloaded assembly
- Completed reload, in  1.150 seconds
Platform modules already initialized, skipping
Registering precompiled user dll's ...
Registered in 0.002398 seconds.
Begin MonoManager ReloadAssembly
Native extension for WindowsStandalone target not found
Refreshing native plugins compatible for Editor in 41.54 ms, found 1 plugins.
Preloading 0 native plugins for Editor in 0.00 ms.
Mono: successfully reloaded assembly
- Completed reload, in  0.881 seconds
Platform modules already initialized, skipping
========================================================================
Worker process is ready to serve import requests
Launched and connected shader compiler UnityShaderCompiler.exe after 0.05 seconds
Refreshing native plugins compatible for Editor in 0.41 ms, found 1 plugins.
Preloading 0 native plugins for Editor in 0.00 ms.
Unloading 1827 Unused Serialized files (Serialized files now loaded: 0)
System memory in use before: 85.4 MB.
System memory in use after: 85.5 MB.

Unloading 21 unused Assets to reduce memory usage. Loaded Objects now: 2274.
Total: 1.766700 ms (FindLiveObjects: 0.148200 ms CreateObjectMapping: 0.063200 ms MarkObjects: 1.497900 ms  DeleteObjects: 0.055900 ms)

========================================================================
Received Import Request.
  path: Packages/com.unity.2d.animation/Editor/SkinningModule/SkinningSerializer/ISkinningSerializer.cs
  artifactKey: Guid(65760d058db37cb438c9002fb9c5dc92) Importer(815301076,1909f56bfc062723c751e8b465ee728b)
Start importing Packages/com.unity.2d.animation/Editor/SkinningModule/SkinningSerializer/ISkinningSerializer.cs using Guid(65760d058db37cb438c9002fb9c5dc92) Importer(815301076,1909f56bfc062723c751e8b465ee728b)  -> (artifact id: '034d0dfcd9d78c69f4fd726f91c25a63') in 0.046193 seconds
  Import took 0.048721 seconds .

========================================================================
Received Import Request.
  Time since last request: 0.000343 seconds.
  path: Packages/com.unity.2d.animation/Editor/SkinningModule/SkinningSerializer/SkinningSerializerXML.cs
  artifactKey: Guid(9aa1c187477fd364bb93e6f97f16c9fa) Importer(815301076,1909f56bfc062723c751e8b465ee728b)
Start importing Packages/com.unity.2d.animation/Editor/SkinningModule/SkinningSerializer/SkinningSerializerXML.cs using Guid(9aa1c187477fd364bb93e6f97f16c9fa) Importer(815301076,1909f56bfc062723c751e8b465ee728b)  -> (artifact id: '6895080d1acbe1efa985164210320011') in 0.003086 seconds
  Import took 0.005421 seconds .

========================================================================
Received Import Request.
  Time since last request: 9.872705 seconds.
  path: Packages/com.unity.2d.animation/Editor/Unity.2D.Animation.Editor.asmdef
  artifactKey: Guid(7e93558c536f24149a3181fbe0a14523) Importer(815301076,1909f56bfc062723c751e8b465ee728b)
Start importing Packages/com.unity.2d.animation/Editor/Unity.2D.Animation.Editor.asmdef using Guid(7e93558c536f24149a3181fbe0a14523) Importer(815301076,1909f56bfc062723c751e8b465ee728b)  -> (artifact id: '402493f20463606810f00c1c1e8a7b84') in 0.011536 seconds
  Import took 0.014034 seconds .

========================================================================
Received Import Request.
  Time since last request: 10.870854 seconds.
  path: Assets/Scripts/ShopKeeper.cs
  artifactKey: Guid(6fd825c45d1e4d44d991c3182e2f597c) Importer(815301076,1909f56bfc062723c751e8b465ee728b)
Start importing Assets/Scripts/ShopKeeper.cs using Guid(6fd825c45d1e4d44d991c3182e2f597c) Importer(815301076,1909f56bfc062723c751e8b465ee728b)  -> (artifact id: 'f9b3e5737109c4a39ea804847a6e4ac3') in 0.003225 seconds
  Import took 0.006368 seconds .

========================================================================
Received Prepare
Registering precompiled user dll's ...
Registered in 0.003268 seconds.
Begin MonoManager ReloadAssembly
Native extension for WindowsStandalone target not found
Refreshing native plugins compatible for Editor in 0.38 ms, found 1 plugins.
Preloading 0 native plugins for Editor in 0.00 ms.
Mono: successfully reloaded assembly
- Completed reload, in  0.806 seconds
Platform modules already initialized, skipping
Refreshing native plugins compatible for Editor in 0.42 ms, found 1 plugins.
Preloading 0 native plugins for Editor in 0.00 ms.
Unloading 1817 Unused Serialized files (Serialized files now loaded: 0)
System memory in use before: 84.8 MB.
System memory in use after: 84.9 MB.

Unloading 9 unused Assets to reduce memory usage. Loaded Objects now: 2278.
Total: 9.537200 ms (FindLiveObjects: 0.146000 ms CreateObjectMapping: 0.059500 ms MarkObjects: 9.266800 ms  DeleteObjects: 0.063000 ms)

========================================================================
Received Import Request.
  Time since last request: 55.899376 seconds.
  path: Assets/Scripts/ShopKeeper.cs
  artifactKey: Guid(6fd825c45d1e4d44d991c3182e2f597c) Importer(815301076,1909f56bfc062723c751e8b465ee728b)
Start importing Assets/Scripts/ShopKeeper.cs using Guid(6fd825c45d1e4d44d991c3182e2f597c) Importer(815301076,1909f56bfc062723c751e8b465ee728b)  -> (artifact id: 'b9997b1b3433299c7cf01bc8e5528eb3') in 0.004718 seconds
  Import took 0.007233 seconds .

========================================================================
Received Import Request.
  Time since last request: 0.001854 seconds.
  path: Assets/Scripts/ShopKeeper.cs
  artifactKey: Guid(6fd825c45d1e4d44d991c3182e2f597c) Importer(815301076,1909f56bfc062723c751e8b465ee728b)
Start importing Assets/Scripts/ShopKeeper.cs using Guid(6fd825c45d1e4d44d991c3182e2f597c) Importer(815301076,1909f56bfc062723c751e8b465ee728b)  -> (artifact id: 'b9997b1b3433299c7cf01bc8e5528eb3') in 0.002906 seconds
  Import took 0.005414 seconds .

========================================================================
Received Prepare
Registering precompiled user dll's ...
Registered in 0.003823 seconds.
Begin MonoManager ReloadAssembly
Native extension for WindowsStandalone target not found
Refreshing native plugins compatible for Editor in 0.62 ms, found 1 plugins.
Preloading 0 native plugins for Editor in 0.00 ms.
Mono: successfully reloaded assembly
- Completed reload, in  1.070 seconds
Platform modules already initialized, skipping
Refreshing native plugins compatible for Editor in 0.44 ms, found 1 plugins.
Preloading 0 native plugins for Editor in 0.00 ms.
Unloading 1817 Unused Serialized files (Serialized files now loaded: 0)
System memory in use before: 84.9 MB.
System memory in use after: 85.0 MB.

Unloading 9 unused Assets to reduce memory usage. Loaded Objects now: 2282.
Total: 2.024700 ms (FindLiveObjects: 0.198700 ms CreateObjectMapping: 0.071300 ms MarkObjects: 1.733500 ms  DeleteObjects: 0.020000 ms)

========================================================================
Received Prepare
Registering precompiled user dll's ...
Registered in 0.003127 seconds.
Begin MonoManager ReloadAssembly
Native extension for WindowsStandalone target not found
Refreshing native plugins compatible for Editor in 0.66 ms, found 1 plugins.
Preloading 0 native plugins for Editor in 0.00 ms.
Mono: successfully reloaded assembly
- Completed reload, in  1.074 seconds
Platform modules already initialized, skipping
Refreshing native plugins compatible for Editor in 0.65 ms, found 1 plugins.
Preloading 0 native plugins for Editor in 0.00 ms.
Unloading 1817 Unused Serialized files (Serialized files now loaded: 0)
System memory in use before: 84.9 MB.
System memory in use after: 85.0 MB.

Unloading 9 unused Assets to reduce memory usage. Loaded Objects now: 2286.
Total: 2.581700 ms (FindLiveObjects: 0.280300 ms CreateObjectMapping: 0.101700 ms MarkObjects: 2.172500 ms  DeleteObjects: 0.025600 ms)

========================================================================
Received Import Request.
  Time since last request: 114.785277 seconds.
  path: Assets/Scenes/Villaggio.unity
  artifactKey: Guid(735e6e3d6b079b149a2a348171531eec) Importer(815301076,1909f56bfc062723c751e8b465ee728b)
Start importing Assets/Scenes/Villaggio.unity using Guid(735e6e3d6b079b149a2a348171531eec) Importer(815301076,1909f56bfc062723c751e8b465ee728b)  -> (artifact id: 'f24aeb1dbd7d4674b6cdda6c5a570ee3') in 0.013289 seconds
  Import took 0.017899 seconds .

========================================================================
Received Import Request.
  Time since last request: 17.784189 seconds.
  path: Assets/Scenes/Negozio.unity
  artifactKey: Guid(ae5415c0e58107546b2c8a1fcdb0ecb0) Importer(815301076,1909f56bfc062723c751e8b465ee728b)
Start importing Assets/Scenes/Negozio.unity using Guid(ae5415c0e58107546b2c8a1fcdb0ecb0) Importer(815301076,1909f56bfc062723c751e8b465ee728b)  -> (artifact id: '17e8948876731ec38cd18124cb8a9bf1') in 0.003764 seconds
  Import took 0.007108 seconds .

========================================================================
Received Prepare
Registering precompiled user dll's ...
Registered in 0.003504 seconds.
Begin MonoManager ReloadAssembly
Native extension for WindowsStandalone target not found
Refreshing native plugins compatible for Editor in 0.38 ms, found 1 plugins.
Preloading 0 native plugins for Editor in 0.00 ms.
Mono: successfully reloaded assembly
- Completed reload, in  0.836 seconds
Platform modules already initialized, skipping
Refreshing native plugins compatible for Editor in 0.40 ms, found 1 plugins.
Preloading 0 native plugins for Editor in 0.00 ms.
Unloading 1817 Unused Serialized files (Serialized files now loaded: 0)
System memory in use before: 84.9 MB.
System memory in use after: 85.0 MB.

Unloading 9 unused Assets to reduce memory usage. Loaded Objects now: 2290.
Total: 2.421500 ms (FindLiveObjects: 0.219400 ms CreateObjectMapping: 0.081800 ms MarkObjects: 2.094000 ms  DeleteObjects: 0.024900 ms)

========================================================================
Received Prepare
Registering precompiled user dll's ...
Registered in 0.003498 seconds.
Begin MonoManager ReloadAssembly
Native extension for WindowsStandalone target not found
Refreshing native plugins compatible for Editor in 0.52 ms, found 1 plugins.
Preloading 0 native plugins for Editor in 0.00 ms.
Mono: successfully reloaded assembly
- Completed reload, in  0.970 seconds
Platform modules already initialized, skipping
Refreshing native plugins compatible for Editor in 0.62 ms, found 1 plugins.
Preloading 0 native plugins for Editor in 0.00 ms.
Unloading 1817 Unused Serialized files (Serialized files now loaded: 0)
System memory in use before: 84.9 MB.
System memory in use after: 85.1 MB.

Unloading 9 unused Assets to reduce memory usage. Loaded Objects now: 2294.
Total: 2.353700 ms (FindLiveObjects: 0.239600 ms CreateObjectMapping: 0.110500 ms MarkObjects: 1.984000 ms  DeleteObjects: 0.018000 ms)

========================================================================
Received Prepare
Registering precompiled user dll's ...
Registered in 0.002780 seconds.
Begin MonoManager ReloadAssembly
Native extension for WindowsStandalone target not found
Refreshing native plugins compatible for Editor in 0.40 ms, found 1 plugins.
Preloading 0 native plugins for Editor in 0.00 ms.
Mono: successfully reloaded assembly
- Completed reload, in  0.809 seconds
Platform modules already initialized, skipping
Refreshing native plugins compatible for Editor in 0.41 ms, found 1 plugins.
Preloading 0 native plugins for Editor in 0.00 ms.
Unloading 1817 Unused Serialized files (Serialized files now loaded: 0)
System memory in use before: 84.9 MB.
System memory in use after: 85.1 MB.

Unloading 9 unused Assets to reduce memory usage. Loaded Objects now: 2298.
Total: 2.567900 ms (FindLiveObjects: 0.293000 ms CreateObjectMapping: 0.136000 ms MarkObjects: 2.112900 ms  DeleteObjects: 0.024500 ms)

========================================================================
Received Prepare
Registering precompiled user dll's ...
Registered in 0.003520 seconds.
Begin MonoManager ReloadAssembly
Native extension for WindowsStandalone target not found
Refreshing native plugins compatible for Editor in 0.40 ms, found 1 plugins.
Preloading 0 native plugins for Editor in 0.00 ms.
Mono: successfully reloaded assembly
- Completed reload, in  0.922 seconds
Platform modules already initialized, skipping
Refreshing native plugins compatible for Editor in 0.41 ms, found 1 plugins.
Preloading 0 native plugins for Editor in 0.00 ms.
Unloading 1817 Unused Serialized files (Serialized files now loaded: 0)
System memory in use before: 85.0 MB.
System memory in use after: 85.1 MB.

Unloading 9 unused Assets to reduce memory usage. Loaded Objects now: 2302.
Total: 1.653000 ms (FindLiveObjects: 0.164400 ms CreateObjectMapping: 0.066200 ms MarkObjects: 1.406400 ms  DeleteObjects: 0.014900 ms)

========================================================================
Received Prepare
Registering precompiled user dll's ...
Registered in 0.003250 seconds.
Begin MonoManager ReloadAssembly
Native extension for WindowsStandalone target not found
Refreshing native plugins compatible for Editor in 0.60 ms, found 1 plugins.
Preloading 0 native plugins for Editor in 0.00 ms.
Mono: successfully reloaded assembly
- Completed reload, in  0.887 seconds
Platform modules already initialized, skipping
Refreshing native plugins compatible for Editor in 0.39 ms, found 1 plugins.
Preloading 0 native plugins for Editor in 0.00 ms.
Unloading 1817 Unused Serialized files (Serialized files now loaded: 0)
System memory in use before: 85.0 MB.
System memory in use after: 85.1 MB.

Unloading 9 unused Assets to reduce memory usage. Loaded Objects now: 2306.
Total: 1.674500 ms (FindLiveObjects: 0.153300 ms CreateObjectMapping: 0.055600 ms MarkObjects: 1.447800 ms  DeleteObjects: 0.016500 ms)

========================================================================
Received Prepare
Registering precompiled user dll's ...
Registered in 0.002464 seconds.
Begin MonoManager ReloadAssembly
Native extension for WindowsStandalone target not found
Refreshing native plugins compatible for Editor in 0.38 ms, found 1 plugins.
Preloading 0 native plugins for Editor in 0.00 ms.
Mono: successfully reloaded assembly
- Completed reload, in  0.776 seconds
Platform modules already initialized, skipping
Refreshing native plugins compatible for Editor in 1.01 ms, found 1 plugins.
Preloading 0 native plugins for Editor in 0.00 ms.
Unloading 1817 Unused Serialized files (Serialized files now loaded: 0)
System memory in use before: 85.0 MB.
System memory in use after: 85.1 MB.

Unloading 9 unused Assets to reduce memory usage. Loaded Objects now: 2310.
Total: 1.912100 ms (FindLiveObjects: 0.137300 ms CreateObjectMapping: 0.055900 ms MarkObjects: 1.690000 ms  DeleteObjects: 0.027700 ms)

========================================================================
Received Prepare
Registering precompiled user dll's ...
Registered in 0.002762 seconds.
Begin MonoManager ReloadAssembly
Native extension for WindowsStandalone target not found
Refreshing native plugins compatible for Editor in 0.40 ms, found 1 plugins.
Preloading 0 native plugins for Editor in 0.00 ms.
Mono: successfully reloaded assembly
- Completed reload, in  0.898 seconds
Platform modules already initialized, skipping
Refreshing native plugins compatible for Editor in 0.39 ms, found 1 plugins.
Preloading 0 native plugins for Editor in 0.00 ms.
Unloading 1817 Unused Serialized files (Serialized files now loaded: 0)
System memory in use before: 85.0 MB.
System memory in use after: 85.1 MB.

Unloading 9 unused Assets to reduce memory usage. Loaded Objects now: 2314.
Total: 1.625200 ms (FindLiveObjects: 0.133300 ms CreateObjectMapping: 0.051700 ms MarkObjects: 1.425000 ms  DeleteObjects: 0.013900 ms)

========================================================================
Received Prepare
Registering precompiled user dll's ...
Registered in 0.002503 seconds.
Begin MonoManager ReloadAssembly
Native extension for WindowsStandalone target not found
Refreshing native plugins compatible for Editor in 0.43 ms, found 1 plugins.
Preloading 0 native plugins for Editor in 0.00 ms.
Mono: successfully reloaded assembly
- Completed reload, in  0.919 seconds
Platform modules already initialized, skipping
Refreshing native plugins compatible for Editor in 0.39 ms, found 1 plugins.
Preloading 0 native plugins for Editor in 0.00 ms.
Unloading 1817 Unused Serialized files (Serialized files now loaded: 0)
System memory in use before: 85.0 MB.
System memory in use after: 85.1 MB.

Unloading 9 unused Assets to reduce memory usage. Loaded Objects now: 2318.
Total: 3.122400 ms (FindLiveObjects: 0.480800 ms CreateObjectMapping: 0.367800 ms MarkObjects: 2.255800 ms  DeleteObjects: 0.016700 ms)

========================================================================
Received Prepare
Registering precompiled user dll's ...
Registered in 0.003570 seconds.
Begin MonoManager ReloadAssembly
Native extension for WindowsStandalone target not found
Refreshing native plugins compatible for Editor in 0.39 ms, found 1 plugins.
Preloading 0 native plugins for Editor in 0.00 ms.
Mono: successfully reloaded assembly
- Completed reload, in  0.809 seconds
Platform modules already initialized, skipping
Refreshing native plugins compatible for Editor in 0.39 ms, found 1 plugins.
Preloading 0 native plugins for Editor in 0.00 ms.
Unloading 1817 Unused Serialized files (Serialized files now loaded: 0)
System memory in use before: 85.0 MB.
System memory in use after: 85.1 MB.

Unloading 9 unused Assets to reduce memory usage. Loaded Objects now: 2322.
Total: 1.575500 ms (FindLiveObjects: 0.147900 ms CreateObjectMapping: 0.062400 ms MarkObjects: 1.346900 ms  DeleteObjects: 0.017300 ms)

========================================================================
Received Prepare
Registering precompiled user dll's ...
Registered in 0.002459 seconds.
Begin MonoManager ReloadAssembly
Native extension for WindowsStandalone target not found
Refreshing native plugins compatible for Editor in 0.39 ms, found 1 plugins.
Preloading 0 native plugins for Editor in 0.00 ms.
Mono: successfully reloaded assembly
- Completed reload, in  0.799 seconds
Platform modules already initialized, skipping
Refreshing native plugins compatible for Editor in 0.39 ms, found 1 plugins.
Preloading 0 native plugins for Editor in 0.00 ms.
Unloading 1817 Unused Serialized files (Serialized files now loaded: 0)
System memory in use before: 85.0 MB.
System memory in use after: 85.1 MB.

Unloading 9 unused Assets to reduce memory usage. Loaded Objects now: 2326.
Total: 1.880500 ms (FindLiveObjects: 0.164200 ms CreateObjectMapping: 0.052900 ms MarkObjects: 1.644900 ms  DeleteObjects: 0.017500 ms)

========================================================================
Received Prepare
Registering precompiled user dll's ...
Registered in 0.003499 seconds.
Begin MonoManager ReloadAssembly
Native extension for WindowsStandalone target not found
Refreshing native plugins compatible for Editor in 0.45 ms, found 1 plugins.
Preloading 0 native plugins for Editor in 0.00 ms.
Mono: successfully reloaded assembly
- Completed reload, in  0.876 seconds
Platform modules already initialized, skipping
Refreshing native plugins compatible for Editor in 0.80 ms, found 1 plugins.
Preloading 0 native plugins for Editor in 0.00 ms.
Unloading 1817 Unused Serialized files (Serialized files now loaded: 0)
System memory in use before: 85.0 MB.
System memory in use after: 85.1 MB.

Unloading 9 unused Assets to reduce memory usage. Loaded Objects now: 2330.
Total: 1.861500 ms (FindLiveObjects: 0.157400 ms CreateObjectMapping: 0.059900 ms MarkObjects: 1.623400 ms  DeleteObjects: 0.019500 ms)

========================================================================
Received Prepare
Registering precompiled user dll's ...
Registered in 0.003406 seconds.
Begin MonoManager ReloadAssembly
Native extension for WindowsStandalone target not found
Refreshing native plugins compatible for Editor in 0.39 ms, found 1 plugins.
Preloading 0 native plugins for Editor in 0.00 ms.
Mono: successfully reloaded assembly
- Completed reload, in  0.791 seconds
Platform modules already initialized, skipping
Refreshing native plugins compatible for Editor in 0.40 ms, found 1 plugins.
Preloading 0 native plugins for Editor in 0.00 ms.
Unloading 1817 Unused Serialized files (Serialized files now loaded: 0)
System memory in use before: 85.0 MB.
System memory in use after: 85.1 MB.

Unloading 9 unused Assets to reduce memory usage. Loaded Objects now: 2334.
Total: 1.859600 ms (FindLiveObjects: 0.140800 ms CreateObjectMapping: 0.053600 ms MarkObjects: 1.647700 ms  DeleteObjects: 0.016300 ms)

========================================================================
Received Prepare
Registering precompiled user dll's ...
Registered in 0.016570 seconds.
Begin MonoManager ReloadAssembly
Native extension for WindowsStandalone target not found
Refreshing native plugins compatible for Editor in 0.67 ms, found 1 plugins.
Preloading 0 native plugins for Editor in 0.00 ms.
Mono: successfully reloaded assembly
- Completed reload, in  0.801 seconds
Platform modules already initialized, skipping
Refreshing native plugins compatible for Editor in 0.41 ms, found 1 plugins.
Preloading 0 native plugins for Editor in 0.00 ms.
Unloading 1817 Unused Serialized files (Serialized files now loaded: 0)
System memory in use before: 85.0 MB.
System memory in use after: 85.2 MB.

Unloading 9 unused Assets to reduce memory usage. Loaded Objects now: 2338.
Total: 1.677200 ms (FindLiveObjects: 0.146700 ms CreateObjectMapping: 0.060900 ms MarkObjects: 1.455500 ms  DeleteObjects: 0.013000 ms)

========================================================================
Received Prepare
Registering precompiled user dll's ...
Registered in 0.002492 seconds.
Begin MonoManager ReloadAssembly
Native extension for WindowsStandalone target not found
Refreshing native plugins compatible for Editor in 0.63 ms, found 1 plugins.
Preloading 0 native plugins for Editor in 0.00 ms.
Mono: successfully reloaded assembly
- Completed reload, in  0.820 seconds
Platform modules already initialized, skipping
Refreshing native plugins compatible for Editor in 0.42 ms, found 1 plugins.
Preloading 0 native plugins for Editor in 0.00 ms.
Unloading 1817 Unused Serialized files (Serialized files now loaded: 0)
System memory in use before: 85.1 MB.
System memory in use after: 85.2 MB.

Unloading 9 unused Assets to reduce memory usage. Loaded Objects now: 2342.
Total: 1.631900 ms (FindLiveObjects: 0.165100 ms CreateObjectMapping: 0.063900 ms MarkObjects: 1.377900 ms  DeleteObjects: 0.023800 ms)

========================================================================
Received Import Request.
  Time since last request: 539.506529 seconds.
  path: Assets/Prefab/UICanvas.prefab
  artifactKey: Guid(ff049a1ad931ec844aa95669f0861bef) Importer(815301076,1909f56bfc062723c751e8b465ee728b)
Start importing Assets/Prefab/UICanvas.prefab using Guid(ff049a1ad931ec844aa95669f0861bef) Importer(815301076,1909f56bfc062723c751e8b465ee728b)  -> (artifact id: '2a46ae261dacc0f4534ecc9fc2b959fb') in 0.090426 seconds
  Import took 0.095511 seconds .

AssetImportWorkerClient::OnTransportError - code=2 error=End of file
